<?xml version="1.0" encoding="UTF-8"?>
<!-- Generated by org.testng.reporters.JUnitXMLReporter -->
<testsuite hostname="Daniels-MacBook-Air.local" name="JU1" tests="12" failures="0" timestamp="11 Dec 2013 06:59:44 GMT" time="0.169" errors="0">
  <testcase name="testSetTime on testSetTime(org.ndnx.ndn.protocol.NDNTimeTest)" time="0.025" classname="org.ndnx.ndn.protocol.NDNTimeTest"/>
  <testcase name="testSetNanos on testSetNanos(org.ndnx.ndn.protocol.NDNTimeTest)" time="0.0020" classname="org.ndnx.ndn.protocol.NDNTimeTest"/>
  <testcase name="testNDNTimeLong on testNDNTimeLong(org.ndnx.ndn.protocol.NDNTimeTest)" time="0.0020" classname="org.ndnx.ndn.protocol.NDNTimeTest"/>
  <testcase name="testNDNTimeTimestamp on testNDNTimeTimestamp(org.ndnx.ndn.protocol.NDNTimeTest)" time="0.0010" classname="org.ndnx.ndn.protocol.NDNTimeTest"/>
  <testcase name="testNDNTimeDate on testNDNTimeDate(org.ndnx.ndn.protocol.NDNTimeTest)" time="0.0010" classname="org.ndnx.ndn.protocol.NDNTimeTest"/>
  <testcase name="testNDNTime on testNDNTime(org.ndnx.ndn.protocol.NDNTimeTest)" time="0.0020" classname="org.ndnx.ndn.protocol.NDNTimeTest"/>
  <testcase name="testCompareToDate on testCompareToDate(org.ndnx.ndn.protocol.NDNTimeTest)" time="0.0010" classname="org.ndnx.ndn.protocol.NDNTimeTest"/>
  <testcase name="testCompareToTimestamp on testCompareToTimestamp(org.ndnx.ndn.protocol.NDNTimeTest)" time="0.0010" classname="org.ndnx.ndn.protocol.NDNTimeTest"/>
  <testcase name="testBeforeAfterTimestamp on testBeforeAfterTimestamp(org.ndnx.ndn.protocol.NDNTimeTest)" time="0.0010" classname="org.ndnx.ndn.protocol.NDNTimeTest"/>
  <testcase name="testBeforeAfterDate on testBeforeAfterDate(org.ndnx.ndn.protocol.NDNTimeTest)" time="0.0010" classname="org.ndnx.ndn.protocol.NDNTimeTest"/>
  <testcase name="testNow on testNow(org.ndnx.ndn.protocol.NDNTimeTest)" time="0.0020" classname="org.ndnx.ndn.protocol.NDNTimeTest"/>
  <testcase name="testBinaryArray on testBinaryArray(org.ndnx.ndn.protocol.NDNTimeTest)" time="0.0010" classname="org.ndnx.ndn.protocol.NDNTimeTest"/>
</testsuite> <!-- JU1 -->
